# JRE version: Java(TM) SE Runtime Environment (14.0.2+12) (build 14.0.2+12-46)
# Java VM: Java HotSpot(TM) 64-Bit Server VM (14.0.2+12-46, mixed mode, sharing, tiered, compressed oops, g1 gc, windows-amd64)
Heap:
 garbage-first heap   total 61440K, used 22891K [0x0000000602600000, 0x0000000800000000)
  region size 2048K, 5 young (10240K), 2 survivors (4096K)
 Metaspace       used 40510K, capacity 42134K, committed 42240K, reserved 1085440K
  class space    used 5285K, capacity 5875K, committed 5888K, reserved 1048576K
GC Heap History (20 events):
Event: 1.257 GC heap before
{Heap before GC invocations=4 (full 0):
 garbage-first heap   total 75776K, used 74898K [0x0000000602600000, 0x0000000800000000)
  region size 2048K, 34 young (69632K), 3 survivors (6144K)
 Metaspace       used 24079K, capacity 25207K, committed 25472K, reserved 1071104K
  class space    used 3263K, capacity 3664K, committed 3712K, reserved 1048576K
}
Event: 1.260 GC heap after
{Heap after GC invocations=5 (full 0):
 garbage-first heap   total 86016K, used 13552K [0x0000000602600000, 0x0000000800000000)
  region size 2048K, 4 young (8192K), 4 survivors (8192K)
 Metaspace       used 24079K, capacity 25207K, committed 25472K, reserved 1071104K
  class space    used 3263K, capacity 3664K, committed 3712K, reserved 1048576K
}
Event: 1.393 GC heap before
{Heap before GC invocations=6 (full 0):
 garbage-first heap   total 61440K, used 56560K [0x0000000602600000, 0x0000000800000000)
  region size 2048K, 25 young (51200K), 4 survivors (8192K)
 Metaspace       used 26747K, capacity 27983K, committed 28160K, reserved 1073152K
  class space    used 3558K, capacity 4014K, committed 4096K, reserved 1048576K
}
Event: 1.398 GC heap after
{Heap after GC invocations=7 (full 0):
 garbage-first heap   total 296960K, used 15203K [0x0000000602600000, 0x0000000800000000)
  region size 2048K, 3 young (6144K), 3 survivors (6144K)
 Metaspace       used 26747K, capacity 27983K, committed 28160K, reserved 1073152K
  class space    used 3558K, capacity 4014K, committed 4096K, reserved 1048576K
}
Event: 106.793 GC heap before
{Heap before GC invocations=7 (full 0):
 garbage-first heap   total 296960K, used 187235K [0x0000000602600000, 0x0000000800000000)
  region size 2048K, 87 young (178176K), 3 survivors (6144K)
 Metaspace       used 37561K, capacity 38966K, committed 39040K, reserved 1083392K
  class space    used 4931K, capacity 5466K, committed 5504K, reserved 1048576K
}
Event: 106.798 GC heap after
{Heap after GC invocations=8 (full 0):
 garbage-first heap   total 296960K, used 20490K [0x0000000602600000, 0x0000000800000000)
  region size 2048K, 5 young (10240K), 5 survivors (10240K)
 Metaspace       used 37561K, capacity 38966K, committed 39040K, reserved 1083392K
  class space    used 4931K, capacity 5466K, committed 5504K, reserved 1048576K
}
Event: 305.721 GC heap before
{Heap before GC invocations=8 (full 0):
 garbage-first heap   total 296960K, used 57354K [0x0000000602600000, 0x0000000800000000)
  region size 2048K, 25 young (51200K), 5 survivors (10240K)
 Metaspace       used 40249K, capacity 41696K, committed 41984K, reserved 1085440K
  class space    used 5241K, capacity 5797K, committed 5888K, reserved 1048576K
}
Event: 305.741 GC heap after
{Heap after GC invocations=9 (full 1):
 garbage-first heap   total 75776K, used 17577K [0x0000000602600000, 0x0000000800000000)
  region size 2048K, 0 young (0K), 0 survivors (0K)
 Metaspace       used 40241K, capacity 41684K, committed 41984K, reserved 1085440K
  class space    used 5240K, capacity 5795K, committed 5888K, reserved 1048576K
}
Event: 305.879 GC heap before
{Heap before GC invocations=9 (full 1):
 garbage-first heap   total 75776K, used 54441K [0x0000000602600000, 0x0000000800000000)
  region size 2048K, 18 young (36864K), 0 survivors (0K)
 Metaspace       used 40267K, capacity 41711K, committed 41984K, reserved 1085440K
  class space    used 5248K, capacity 5804K, committed 5888K, reserved 1048576K
}
Event: 305.880 GC heap after
{Heap after GC invocations=10 (full 1):
 garbage-first heap   total 75776K, used 20383K [0x0000000602600000, 0x0000000800000000)
  region size 2048K, 2 young (4096K), 2 survivors (4096K)
 Metaspace       used 40267K, capacity 41711K, committed 41984K, reserved 1085440K
  class space    used 5248K, capacity 5804K, committed 5888K, reserved 1048576K
}
Event: 306.009 GC heap before
{Heap before GC invocations=10 (full 1):
 garbage-first heap   total 75776K, used 51103K [0x0000000602600000, 0x0000000800000000)
  region size 2048K, 18 young (36864K), 2 survivors (4096K)
 Metaspace       used 40361K, capacity 41843K, committed 41984K, reserved 1085440K
  class space    used 5259K, capacity 5845K, committed 5888K, reserved 1048576K
}
Event: 306.011 GC heap after
{Heap after GC invocations=11 (full 1):
 garbage-first heap   total 75776K, used 21480K [0x0000000602600000, 0x0000000800000000)
  region size 2048K, 2 young (4096K), 2 survivors (4096K)
 Metaspace       used 40361K, capacity 41843K, committed 41984K, reserved 1085440K
  class space    used 5259K, capacity 5845K, committed 5888K, reserved 1048576K
}
Event: 467.839 GC heap before
{Heap before GC invocations=11 (full 1):
 garbage-first heap   total 75776K, used 54248K [0x0000000602600000, 0x0000000800000000)
  region size 2048K, 18 young (36864K), 2 survivors (4096K)
 Metaspace       used 40426K, capacity 41882K, committed 41984K, reserved 1085440K
  class space    used 5269K, capacity 5856K, committed 5888K, reserved 1048576K
}
Event: 467.842 GC heap after
{Heap after GC invocations=12 (full 1):
 garbage-first heap   total 75776K, used 22258K [0x0000000602600000, 0x0000000800000000)
  region size 2048K, 2 young (4096K), 2 survivors (4096K)
 Metaspace       used 40426K, capacity 41882K, committed 41984K, reserved 1085440K
  class space    used 5269K, capacity 5856K, committed 5888K, reserved 1048576K
}
Event: 664.129 GC heap before
{Heap before GC invocations=12 (full 1):
 garbage-first heap   total 75776K, used 30450K [0x0000000602600000, 0x0000000800000000)
  region size 2048K, 7 young (14336K), 2 survivors (4096K)
 Metaspace       used 40437K, capacity 41952K, committed 41984K, reserved 1085440K
  class space    used 5271K, capacity 5858K, committed 5888K, reserved 1048576K
}
Event: 664.151 GC heap after
{Heap after GC invocations=13 (full 2):
 garbage-first heap   total 61440K, used 17861K [0x0000000602600000, 0x0000000800000000)
  region size 2048K, 0 young (0K), 0 survivors (0K)
 Metaspace       used 40433K, capacity 41946K, committed 41984K, reserved 1085440K
  class space    used 5270K, capacity 5857K, committed 5888K, reserved 1048576K
}
Event: 664.269 GC heap before
{Heap before GC invocations=13 (full 2):
 garbage-first heap   total 61440K, used 48581K [0x0000000602600000, 0x0000000800000000)
  region size 2048K, 15 young (30720K), 0 survivors (0K)
 Metaspace       used 40454K, capacity 41976K, committed 42240K, reserved 1085440K
  class space    used 5276K, capacity 5866K, committed 5888K, reserved 1048576K
}
Event: 664.270 GC heap after
{Heap after GC invocations=14 (full 2):
 garbage-first heap   total 61440K, used 20233K [0x0000000602600000, 0x0000000800000000)
  region size 2048K, 2 young (4096K), 2 survivors (4096K)
 Metaspace       used 40454K, capacity 41976K, committed 42240K, reserved 1085440K
  class space    used 5276K, capacity 5866K, committed 5888K, reserved 1048576K
}
Event: 664.356 GC heap before
{Heap before GC invocations=14 (full 2):
 garbage-first heap   total 61440K, used 46857K [0x0000000602600000, 0x0000000800000000)
  region size 2048K, 15 young (30720K), 2 survivors (4096K)
 Metaspace       used 40478K, capacity 42062K, committed 42240K, reserved 1085440K
  class space    used 5281K, capacity 5872K, committed 5888K, reserved 1048576K
}
Event: 664.358 GC heap after
{Heap after GC invocations=15 (full 2):
 garbage-first heap   total 61440K, used 20843K [0x0000000602600000, 0x0000000800000000)
  region size 2048K, 2 young (4096K), 2 survivors (4096K)
 Metaspace       used 40478K, capacity 42062K, committed 42240K, reserved 1085440K
  class space    used 5281K, capacity 5872K, committed 5888K, reserved 1048576K
}

